INFO  2021-09-06T21:11:19.802 ThreadId(5) [client:typescript] Client starting.
INFO  2021-09-06T21:11:20.160 tokio-runtime-worker(ThreadId(1)) [1P:native-messaging/op-native-core-integration/src/lib.rs:215] Starting IPC listener on 1Password-BrowserSupport
INFO  2021-09-06T21:11:20.164 ThreadId(5) [1P:op-localization/src/lib.rs:168] system locale detected as 'en_US'
INFO  2021-09-06T21:11:20.164 ThreadId(5) [1P:op-localization/src/lib.rs:194] selected translations for EN_US based on detected locale en-US
INFO  2021-09-06T21:11:20.164 ThreadId(5) [status:op-app/src/app.rs:278] App::new(1Password for Linux/80200063 (EN_US), /home/saph/.config/1Password/1password.sqlite)
INFO  2021-09-06T21:11:20.167 tokio-runtime-worker(ThreadId(4)) [1P:native-messaging/op-native-core-integration/src/lib.rs:230] Active native core integration is awaiting messages
INFO  2021-09-06T21:11:20.173 ThreadId(5) [1P:op-db/src/db.rs:94] Starting DB at version: 21
INFO  2021-09-06T21:11:20.181 op_executor:invocation_loop(ThreadId(9)) [1P:native-messaging/op-nm-installer/src/nix_utils.rs:72] Created NMH manifest at /home/saph/.config/google-chrome/NativeMessagingHosts/com.1password.1password.json
INFO  2021-09-06T21:11:20.182 op_executor:invocation_loop(ThreadId(9)) [1P:native-messaging/op-nm-installer/src/nix_utils.rs:72] Created NMH manifest at /home/saph/.config/google-chrome-beta/NativeMessagingHosts/com.1password.1password.json
INFO  2021-09-06T21:11:20.182 op_executor:invocation_loop(ThreadId(9)) [1P:native-messaging/op-nm-installer/src/nix_utils.rs:72] Created NMH manifest at /home/saph/.config/google-chrome-unstable/NativeMessagingHosts/com.1password.1password.json
INFO  2021-09-06T21:11:20.183 op_executor:invocation_loop(ThreadId(9)) [1P:native-messaging/op-nm-installer/src/nix_utils.rs:72] Created NMH manifest at /home/saph/.config/chromium/NativeMessagingHosts/com.1password.1password.json
INFO  2021-09-06T21:11:20.184 op_executor:invocation_loop(ThreadId(9)) [1P:native-messaging/op-nm-installer/src/nix_utils.rs:72] Created NMH manifest at /home/saph/.config/microsoft-edge-dev/NativeMessagingHosts/com.1password.1password.json
INFO  2021-09-06T21:11:20.184 op_executor:invocation_loop(ThreadId(9)) [1P:native-messaging/op-nm-installer/src/nix_utils.rs:72] Created NMH manifest at /home/saph/.config/BraveSoftware/Brave-Browser/NativeMessagingHosts/com.1password.1password.json
INFO  2021-09-06T21:11:20.184 op_executor:invocation_loop(ThreadId(9)) [1P:native-messaging/op-nm-installer/src/nix_utils.rs:72] Created NMH manifest at /home/saph/.config/vivaldi/NativeMessagingHosts/com.1password.1password.json
INFO  2021-09-06T21:11:20.185 op_executor:invocation_loop(ThreadId(9)) [1P:native-messaging/op-nm-installer/src/nix_utils.rs:72] Created NMH manifest at /home/saph/.config/vivaldi-snapshot/NativeMessagingHosts/com.1password.1password.json
INFO  2021-09-06T21:11:20.185 op_executor:invocation_loop(ThreadId(9)) [1P:native-messaging/op-nm-installer/src/nix_utils.rs:72] Created NMH manifest at /home/saph/.mozilla/native-messaging-hosts/com.1password.1password.json
INFO  2021-09-06T21:11:20.186 op_executor:invocation_loop(ThreadId(9)) [1P:native-messaging/op-nm-installer/src/nix_utils.rs:87] Successfully installed all native messaging manifests.
WARN  2021-09-06T21:11:20.698 op_executor:invocation_loop(ThreadId(9)) [1P:op-app/src/app/backend.rs:177] operation blocking event loop invoke Invocation(External(LockScreen(<LockScreenRequest>))) took more than 50 ms (137 ms)
INFO  2021-09-06T21:11:37.087 tokio-runtime-worker(ThreadId(4)) [1P:op-data-layer/src/load.rs:145] loaded 227 items in 4 vaults for account: MQP4XBBWUVFQRB43GFVLENGJHQ
INFO  2021-09-06T21:11:37.096 op_executor:invocation_loop(ThreadId(9)) [1P:op-app/src/app/backend/unlock.rs:84] Lock state changed: Unlocked
WARN  2021-09-06T21:11:37.259 op_executor:invocation_loop(ThreadId(9)) [1P:op-app/src/app/backend.rs:177] operation blocking event loop invoke Invocation(External(ItemDetail(<ItemDetailRequest>))) took more than 50 ms (105 ms)
WARN  2021-09-06T21:11:37.332 tokio-runtime-worker(ThreadId(2)) [1P:op-db-queue/src/operations.rs:1100] operation transaction #tx#17(save_account) took more than 100 ms (146 ms)
INFO  2021-09-06T21:11:48.871 tokio-runtime-worker(ThreadId(4)) [1P:op-syncer/src/sync_job.rs:271] synced account MQP4XBBWUVFQRB43GFVLENGJHQ (2.11076735s)
INFO  2021-09-06T21:11:48.871 tokio-runtime-worker(ThreadId(1)) [1P:op-data-layer/src/file.rs:501] find_and_complete_pending_uploads: 'MQP4XBBWUVFQRB43GFVLENGJHQ'
INFO  2021-09-06T21:11:49.918 tokio-runtime-worker(ThreadId(4)) [1P:op-data-layer/src/sync.rs:475] The B5 Notifier for (MQP4XBBWUVFQRB43GFVLENGJHQ) has connected, now monitoring for events.
INFO  2021-09-06T21:12:35.147 op_executor:invocation_loop(ThreadId(9)) [1P:op-app/src/app/backend/frontend.rs:25] Front end event: window closed
WARN  2021-09-06T21:29:11.216 tokio-runtime-worker(ThreadId(2)) [1P:op-data-layer/src/sync.rs:466] The B5 Notifier for (MQP4XBBWUVFQRB43GFVLENGJHQ) has disconnected.
INFO  2021-09-06T21:29:20.397 tokio-runtime-worker(ThreadId(3)) [1P:op-data-layer/src/sync.rs:475] The B5 Notifier for (MQP4XBBWUVFQRB43GFVLENGJHQ) has connected, now monitoring for events.
INFO  2021-09-06T21:32:42.969 op_executor:invocation_loop(ThreadId(9)) [1P:op-app/src/app/backend/frontend.rs:25] Front end event: window closed
