INFO  2021-09-05T10:11:05.646 ThreadId(5) [client:typescript] Client starting.
ERROR 2021-09-05T10:11:05.742 ThreadId(5) [1P:ffi/core-node/src/lib.rs:680] Failed to load crash reports from disk: Os { code: 2, kind: NotFound, message: "No such file or directory" }
INFO  2021-09-05T10:11:05.743 tokio-runtime-worker(ThreadId(1)) [1P:native-messaging/op-native-core-integration/src/lib.rs:215] Starting IPC listener on 1Password-BrowserSupport
INFO  2021-09-05T10:11:05.743 ThreadId(5) [1P:op-localization/src/lib.rs:168] system locale detected as 'en_US'
INFO  2021-09-05T10:11:05.743 ThreadId(5) [1P:op-localization/src/lib.rs:194] selected translations for EN_US based on detected locale en-US
INFO  2021-09-05T10:11:05.743 ThreadId(5) [status:op-app/src/app.rs:278] App::new(1Password for Linux/80200063 (EN_US), /home/saph/.config/1Password/1password.sqlite)
INFO  2021-09-05T10:11:05.743 ThreadId(5) [1P:op-db/src/db.rs:94] Starting DB at version: 0
INFO  2021-09-05T10:11:05.743 ThreadId(5) [1P:op-db/src/db.rs:102] Database is being created at '/home/saph/.config/1Password/1password.sqlite' (sqlite: 3035004)
INFO  2021-09-05T10:11:05.744 tokio-runtime-worker(ThreadId(1)) [1P:op-settings/src/store/json_store.rs:42] Settings file "/home/saph/.config/1Password/settings/settings.json" missing, using defaults.
INFO  2021-09-05T10:11:05.744 tokio-runtime-worker(ThreadId(4)) [1P:native-messaging/op-native-core-integration/src/lib.rs:230] Active native core integration is awaiting messages
INFO  2021-09-05T10:11:05.766 ThreadId(5) [1P:op-db/src/db.rs:346] Updated DB Schema to version 001
INFO  2021-09-05T10:11:05.771 ThreadId(5) [1P:op-db/src/db.rs:367] Updated DB Schema to version 002
INFO  2021-09-05T10:11:05.780 ThreadId(5) [1P:op-db/src/db.rs:378] Updated DB Schema to version 003
INFO  2021-09-05T10:11:05.784 ThreadId(5) [1P:op-db/src/db.rs:393] Updated DB Schema to version 005
INFO  2021-09-05T10:11:05.792 ThreadId(5) [1P:op-db/src/db.rs:408] Updated DB Schema to version 006
INFO  2021-09-05T10:11:05.797 ThreadId(5) [1P:op-db/src/db.rs:421] Updated DB Schema to version 007
INFO  2021-09-05T10:11:05.801 ThreadId(5) [1P:op-db/src/db.rs:434] Updated DB Schema to version 008
INFO  2021-09-05T10:11:05.808 ThreadId(5) [1P:op-db/src/db.rs:447] Updated DB Schema to version 009
INFO  2021-09-05T10:11:05.815 ThreadId(5) [1P:op-db/src/db.rs:460] Updated DB Schema to version 011
INFO  2021-09-05T10:11:05.815 ThreadId(5) [1P:op-db/src/db.rs:474] Updated DB Schema to version 012
INFO  2021-09-05T10:11:05.822 ThreadId(5) [1P:op-db/src/db.rs:487] Updated DB Schema to version 013
INFO  2021-09-05T10:11:05.829 ThreadId(5) [1P:op-db/src/db.rs:500] Updated DB Schema to version 014
INFO  2021-09-05T10:11:05.836 ThreadId(5) [1P:op-db/src/db.rs:513] Updated DB Schema to version 015
INFO  2021-09-05T10:11:05.844 ThreadId(5) [1P:op-db/src/db.rs:526] Updated DB Schema to version 016
INFO  2021-09-05T10:11:05.852 ThreadId(5) [1P:op-db/src/db.rs:539] Updated DB Schema to version 017
INFO  2021-09-05T10:11:05.860 ThreadId(5) [1P:op-db/src/db.rs:552] Updated DB Schema to version 018
INFO  2021-09-05T10:11:05.867 ThreadId(5) [1P:op-db/src/db.rs:565] Updated DB Schema to version 019
INFO  2021-09-05T10:11:05.880 ThreadId(5) [1P:op-db/src/db.rs:677] Updated DB Schema to version 021
INFO  2021-09-05T10:11:05.887 op_executor:invocation_loop(ThreadId(10)) [1P:native-messaging/op-nm-installer/src/nix_utils.rs:52] Creating manifest directory for Chromium at /home/saph/.config/google-chrome/NativeMessagingHosts
INFO  2021-09-05T10:11:05.887 op_executor:invocation_loop(ThreadId(10)) [1P:native-messaging/op-nm-installer/src/nix_utils.rs:72] Created NMH manifest at /home/saph/.config/google-chrome/NativeMessagingHosts/com.1password.1password.json
INFO  2021-09-05T10:11:05.887 op_executor:invocation_loop(ThreadId(10)) [1P:native-messaging/op-nm-installer/src/nix_utils.rs:52] Creating manifest directory for Chromium at /home/saph/.config/google-chrome-beta/NativeMessagingHosts
INFO  2021-09-05T10:11:05.887 op_executor:invocation_loop(ThreadId(10)) [1P:native-messaging/op-nm-installer/src/nix_utils.rs:72] Created NMH manifest at /home/saph/.config/google-chrome-beta/NativeMessagingHosts/com.1password.1password.json
INFO  2021-09-05T10:11:05.887 op_executor:invocation_loop(ThreadId(10)) [1P:native-messaging/op-nm-installer/src/nix_utils.rs:52] Creating manifest directory for Chromium at /home/saph/.config/google-chrome-unstable/NativeMessagingHosts
INFO  2021-09-05T10:11:05.888 op_executor:invocation_loop(ThreadId(10)) [1P:native-messaging/op-nm-installer/src/nix_utils.rs:72] Created NMH manifest at /home/saph/.config/google-chrome-unstable/NativeMessagingHosts/com.1password.1password.json
INFO  2021-09-05T10:11:05.888 op_executor:invocation_loop(ThreadId(10)) [1P:native-messaging/op-nm-installer/src/nix_utils.rs:52] Creating manifest directory for Chromium at /home/saph/.config/chromium/NativeMessagingHosts
INFO  2021-09-05T10:11:05.888 op_executor:invocation_loop(ThreadId(10)) [1P:native-messaging/op-nm-installer/src/nix_utils.rs:72] Created NMH manifest at /home/saph/.config/chromium/NativeMessagingHosts/com.1password.1password.json
INFO  2021-09-05T10:11:05.888 op_executor:invocation_loop(ThreadId(10)) [1P:native-messaging/op-nm-installer/src/nix_utils.rs:52] Creating manifest directory for Chromium at /home/saph/.config/microsoft-edge-dev/NativeMessagingHosts
INFO  2021-09-05T10:11:05.888 op_executor:invocation_loop(ThreadId(10)) [1P:native-messaging/op-nm-installer/src/nix_utils.rs:72] Created NMH manifest at /home/saph/.config/microsoft-edge-dev/NativeMessagingHosts/com.1password.1password.json
INFO  2021-09-05T10:11:05.888 op_executor:invocation_loop(ThreadId(10)) [1P:native-messaging/op-nm-installer/src/nix_utils.rs:52] Creating manifest directory for Chromium at /home/saph/.config/BraveSoftware/Brave-Browser/NativeMessagingHosts
INFO  2021-09-05T10:11:05.888 op_executor:invocation_loop(ThreadId(10)) [1P:native-messaging/op-nm-installer/src/nix_utils.rs:72] Created NMH manifest at /home/saph/.config/BraveSoftware/Brave-Browser/NativeMessagingHosts/com.1password.1password.json
INFO  2021-09-05T10:11:05.888 op_executor:invocation_loop(ThreadId(10)) [1P:native-messaging/op-nm-installer/src/nix_utils.rs:52] Creating manifest directory for Chromium at /home/saph/.config/vivaldi/NativeMessagingHosts
INFO  2021-09-05T10:11:05.888 op_executor:invocation_loop(ThreadId(10)) [1P:native-messaging/op-nm-installer/src/nix_utils.rs:72] Created NMH manifest at /home/saph/.config/vivaldi/NativeMessagingHosts/com.1password.1password.json
INFO  2021-09-05T10:11:05.888 op_executor:invocation_loop(ThreadId(10)) [1P:native-messaging/op-nm-installer/src/nix_utils.rs:52] Creating manifest directory for Chromium at /home/saph/.config/vivaldi-snapshot/NativeMessagingHosts
INFO  2021-09-05T10:11:05.888 op_executor:invocation_loop(ThreadId(10)) [1P:native-messaging/op-nm-installer/src/nix_utils.rs:72] Created NMH manifest at /home/saph/.config/vivaldi-snapshot/NativeMessagingHosts/com.1password.1password.json
INFO  2021-09-05T10:11:05.888 op_executor:invocation_loop(ThreadId(10)) [1P:native-messaging/op-nm-installer/src/nix_utils.rs:52] Creating manifest directory for Firefox at /home/saph/.mozilla/native-messaging-hosts
INFO  2021-09-05T10:11:05.888 op_executor:invocation_loop(ThreadId(10)) [1P:native-messaging/op-nm-installer/src/nix_utils.rs:72] Created NMH manifest at /home/saph/.mozilla/native-messaging-hosts/com.1password.1password.json
INFO  2021-09-05T10:11:05.888 op_executor:invocation_loop(ThreadId(10)) [1P:native-messaging/op-nm-installer/src/nix_utils.rs:87] Successfully installed all native messaging manifests.
ERROR 2021-09-05T10:11:05.889 tokio-runtime-worker(ThreadId(1)) [1P:op-db-queue/src/operations.rs:1108] transaction tx#3(get_watchtower_object) failed, will rollback: SqlError(/builds/dev/core/core/op-db/src/transaction.rs:898, Query returned no rows)
INFO  2021-09-05T10:14:15.039 tokio-runtime-worker(ThreadId(2)) [1P:op-b5-client/src/internal/unauthorized_session.rs:106] Registered device bptwiyq3jgsfgufd2i4ivbqtce
INFO  2021-09-05T10:14:18.852 tokio-runtime-worker(ThreadId(1)) [1P:op-syncer/src/sync_job.rs:271] synced account MQP4XBBWUVFQRB43GFVLENGJHQ (2.9153473979999998s)
INFO  2021-09-05T10:14:18.914 tokio-runtime-worker(ThreadId(1)) [1P:op-data-layer/src/load.rs:145] loaded 226 items in 4 vaults for account: MQP4XBBWUVFQRB43GFVLENGJHQ
INFO  2021-09-05T10:14:18.918 op_executor:invocation_loop(ThreadId(10)) [1P:op-app/src/app/backend/unlock.rs:84] Lock state changed: Unlocked
INFO  2021-09-05T10:14:18.983 tokio-runtime-worker(ThreadId(4)) [1P:op-settings/src/store/json_store.rs:42] Settings file "/home/saph/.config/1Password/settings/settings.json" missing, using defaults.
INFO  2021-09-05T10:14:19.054 tokio-runtime-worker(ThreadId(4)) [1P:op-syncer/src/sync_job.rs:271] synced account MQP4XBBWUVFQRB43GFVLENGJHQ (0.133555316s)
INFO  2021-09-05T10:14:19.055 tokio-runtime-worker(ThreadId(1)) [1P:op-data-layer/src/file.rs:501] find_and_complete_pending_uploads: 'MQP4XBBWUVFQRB43GFVLENGJHQ'
INFO  2021-09-05T10:14:19.483 tokio-runtime-worker(ThreadId(1)) [1P:op-data-layer/src/sync.rs:475] The B5 Notifier for (MQP4XBBWUVFQRB43GFVLENGJHQ) has connected, now monitoring for events.
INFO  2021-09-05T10:14:23.951 ThreadId(5) [client:typescript] Settings file changed.
WARN  2021-09-05T10:27:02.118 tokio-runtime-worker(ThreadId(1)) [1P:op-data-layer/src/sync.rs:466] The B5 Notifier for (MQP4XBBWUVFQRB43GFVLENGJHQ) has disconnected.
INFO  2021-09-05T10:27:31.610 tokio-runtime-worker(ThreadId(3)) [1P:op-data-layer/src/sync.rs:475] The B5 Notifier for (MQP4XBBWUVFQRB43GFVLENGJHQ) has connected, now monitoring for events.
INFO  2021-09-05T10:30:25.214 op_executor:invocation_loop(ThreadId(10)) [1P:op-app/src/app/backend/frontend.rs:25] Front end event: window closed
WARN  2021-09-05T10:46:47.702 tokio-runtime-worker(ThreadId(1)) [1P:op-data-layer/src/sync.rs:466] The B5 Notifier for (MQP4XBBWUVFQRB43GFVLENGJHQ) has disconnected.
ERROR 2021-09-05T10:47:02.715 tokio-runtime-worker(ThreadId(1)) [1P:/builds/dev/core/core/op-notification-listener/src/lib.rs:247] ConnectionError(Io(Custom { kind: Other, error: "failed to lookup address information: Temporary failure in name resolution" }))
INFO  2021-09-05T10:48:04.886 tokio-runtime-worker(ThreadId(3)) [1P:op-data-layer/src/sync.rs:475] The B5 Notifier for (MQP4XBBWUVFQRB43GFVLENGJHQ) has connected, now monitoring for events.
WARN  2021-09-05T11:16:12.403 tokio-runtime-worker(ThreadId(1)) [1P:op-data-layer/src/sync.rs:466] The B5 Notifier for (MQP4XBBWUVFQRB43GFVLENGJHQ) has disconnected.
INFO  2021-09-05T11:16:40.848 tokio-runtime-worker(ThreadId(3)) [1P:op-data-layer/src/sync.rs:475] The B5 Notifier for (MQP4XBBWUVFQRB43GFVLENGJHQ) has connected, now monitoring for events.
INFO  2021-09-05T11:18:40.476 ThreadId(15) [1P:op-auto-lock/src/linux.rs:382] X screensaver event detected
INFO  2021-09-05T11:18:40.477 op_executor:invocation_loop(ThreadId(10)) [1P:op-app/src/app/backend/lock.rs:66] Lock state changed: Locked
INFO  2021-09-05T11:18:40.477 op_executor:invocation_loop(ThreadId(10)) [1P:op-app/src/app/backend/lock.rs:84] Locked. Reason: Automatic(ScreenSaverActivated).
INFO  2021-09-05T11:18:41.757 ThreadId(15) [1P:op-auto-lock/src/linux.rs:382] X screensaver event detected
INFO  2021-09-05T11:28:42.286 ThreadId(15) [1P:op-auto-lock/src/linux.rs:382] X screensaver event detected
INFO  2021-09-05T11:28:52.139 ThreadId(15) [1P:op-auto-lock/src/linux.rs:382] X screensaver event detected
WARN  2021-09-05T11:37:20.011 op_executor:invocation_loop(ThreadId(10)) [1P:op-app/src/app/backend.rs:177] operation blocking event loop invoke Invocation(External(LockScreen(<LockScreenRequest>))) took more than 50 ms (85 ms)
INFO  2021-09-05T11:37:26.170 tokio-runtime-worker(ThreadId(3)) [1P:op-data-layer/src/load.rs:145] loaded 226 items in 4 vaults for account: MQP4XBBWUVFQRB43GFVLENGJHQ
INFO  2021-09-05T11:37:26.172 op_executor:invocation_loop(ThreadId(10)) [1P:op-app/src/app/backend/unlock.rs:84] Lock state changed: Unlocked
ERROR 2021-09-05T11:38:45.560 tokio-runtime-worker(ThreadId(4)) [1P:op-app/src/app/backend/sync.rs:79] Failed to sync account MQP4XBBWUVFQRB43GFVLENGJHQ. Error: SyncFailed(HttpError(IoError(IoError(timed out))))
ERROR 2021-09-05T11:38:45.560 tokio-runtime-worker(ThreadId(4)) [1P:op-app/src/app/backend/sync.rs:93] Failed to sync account MQP4XBBWUVFQRB43GFVLENGJHQ. Retry on reconnect.
INFO  2021-09-05T11:40:20.142 tokio-runtime-worker(ThreadId(1)) [1P:op-syncer/src/sync_job.rs:1049] pushed 1 item(s); updated: 1; failed: 0; new vault content version: 447.
INFO  2021-09-05T11:40:25.267 tokio-runtime-worker(ThreadId(3)) [1P:op-syncer/src/sync_job.rs:1049] pushed 1 item(s); updated: 1; failed: 0; new vault content version: 448.
INFO  2021-09-05T11:40:25.267 tokio-runtime-worker(ThreadId(3)) [1P:op-syncer/src/sync_job.rs:271] synced account MQP4XBBWUVFQRB43GFVLENGJHQ (15.631068156s)
INFO  2021-09-05T11:40:25.268 tokio-runtime-worker(ThreadId(4)) [1P:op-data-layer/src/file.rs:501] find_and_complete_pending_uploads: 'MQP4XBBWUVFQRB43GFVLENGJHQ'
INFO  2021-09-05T11:40:27.366 tokio-runtime-worker(ThreadId(2)) [1P:op-syncer/src/sync_job.rs:271] synced account MQP4XBBWUVFQRB43GFVLENGJHQ (2.098412235s)
INFO  2021-09-05T11:40:28.272 tokio-runtime-worker(ThreadId(3)) [1P:op-data-layer/src/sync.rs:475] The B5 Notifier for (MQP4XBBWUVFQRB43GFVLENGJHQ) has connected, now monitoring for events.
WARN  2021-09-05T11:52:23.380 tokio-runtime-worker(ThreadId(3)) [1P:op-data-layer/src/sync.rs:466] The B5 Notifier for (MQP4XBBWUVFQRB43GFVLENGJHQ) has disconnected.
INFO  2021-09-05T11:52:34.758 tokio-runtime-worker(ThreadId(4)) [1P:op-data-layer/src/sync.rs:475] The B5 Notifier for (MQP4XBBWUVFQRB43GFVLENGJHQ) has connected, now monitoring for events.
INFO  2021-09-05T11:57:34.270 op_executor:invocation_loop(ThreadId(10)) [1P:op-app/src/app/backend/frontend.rs:25] Front end event: window closed
WARN  2021-09-05T11:59:06.773 tokio-runtime-worker(ThreadId(4)) [1P:op-data-layer/src/sync.rs:466] The B5 Notifier for (MQP4XBBWUVFQRB43GFVLENGJHQ) has disconnected.
INFO  2021-09-05T11:59:18.126 tokio-runtime-worker(ThreadId(4)) [1P:op-data-layer/src/sync.rs:475] The B5 Notifier for (MQP4XBBWUVFQRB43GFVLENGJHQ) has connected, now monitoring for events.
INFO  2021-09-05T12:07:40.212 ThreadId(15) [1P:op-auto-lock/src/linux.rs:382] X screensaver event detected
WARN  2021-09-05T12:07:40.213 op_executor:invocation_loop(ThreadId(10)) [1P:op-data-layer/src/datacache.rs:341] There are items on the shelf, pending save. They are being dropped.
INFO  2021-09-05T12:07:40.213 op_executor:invocation_loop(ThreadId(10)) [1P:op-app/src/app/backend/lock.rs:66] Lock state changed: Locked
INFO  2021-09-05T12:07:40.213 op_executor:invocation_loop(ThreadId(10)) [1P:op-app/src/app/backend/lock.rs:84] Locked. Reason: Automatic(ScreenSaverActivated).
INFO  2021-09-05T12:49:17.352 ThreadId(15) [1P:op-auto-lock/src/linux.rs:382] X screensaver event detected
INFO  2021-09-05T13:05:14.992 ThreadId(15) [1P:op-auto-lock/src/linux.rs:382] X screensaver event detected
INFO  2021-09-05T13:05:25.052 ThreadId(15) [1P:op-auto-lock/src/linux.rs:382] X screensaver event detected
INFO  2021-09-05T13:07:00.923 ThreadId(15) [1P:op-auto-lock/src/linux.rs:382] X screensaver event detected
INFO  2021-09-05T13:41:57.204 ThreadId(15) [1P:op-auto-lock/src/linux.rs:382] X screensaver event detected
INFO  2021-09-05T13:42:07.213 ThreadId(15) [1P:op-auto-lock/src/linux.rs:382] X screensaver event detected
INFO  2021-09-05T13:42:17.222 ThreadId(15) [1P:op-auto-lock/src/linux.rs:382] X screensaver event detected
INFO  2021-09-05T13:42:27.233 ThreadId(15) [1P:op-auto-lock/src/linux.rs:382] X screensaver event detected
INFO  2021-09-05T13:42:37.242 ThreadId(15) [1P:op-auto-lock/src/linux.rs:382] X screensaver event detected
INFO  2021-09-05T13:42:47.253 ThreadId(15) [1P:op-auto-lock/src/linux.rs:382] X screensaver event detected
INFO  2021-09-05T13:42:57.262 ThreadId(15) [1P:op-auto-lock/src/linux.rs:382] X screensaver event detected
INFO  2021-09-05T13:43:07.273 ThreadId(15) [1P:op-auto-lock/src/linux.rs:382] X screensaver event detected
INFO  2021-09-05T13:43:17.282 ThreadId(15) [1P:op-auto-lock/src/linux.rs:382] X screensaver event detected
INFO  2021-09-05T13:43:27.292 ThreadId(15) [1P:op-auto-lock/src/linux.rs:382] X screensaver event detected
INFO  2021-09-05T13:43:37.302 ThreadId(15) [1P:op-auto-lock/src/linux.rs:382] X screensaver event detected
INFO  2021-09-05T13:43:47.312 ThreadId(15) [1P:op-auto-lock/src/linux.rs:382] X screensaver event detected
INFO  2021-09-05T13:52:35.128 ThreadId(15) [1P:op-auto-lock/src/linux.rs:382] X screensaver event detected
INFO  2021-09-05T13:52:45.128 ThreadId(15) [1P:op-auto-lock/src/linux.rs:382] X screensaver event detected
INFO  2021-09-05T13:52:55.139 ThreadId(15) [1P:op-auto-lock/src/linux.rs:382] X screensaver event detected
INFO  2021-09-05T13:53:05.149 ThreadId(15) [1P:op-auto-lock/src/linux.rs:382] X screensaver event detected
INFO  2021-09-05T13:53:15.159 ThreadId(15) [1P:op-auto-lock/src/linux.rs:382] X screensaver event detected
INFO  2021-09-05T13:53:25.169 ThreadId(15) [1P:op-auto-lock/src/linux.rs:382] X screensaver event detected
INFO  2021-09-05T13:53:35.178 ThreadId(15) [1P:op-auto-lock/src/linux.rs:382] X screensaver event detected
INFO  2021-09-05T13:53:45.189 ThreadId(15) [1P:op-auto-lock/src/linux.rs:382] X screensaver event detected
INFO  2021-09-05T13:53:55.199 ThreadId(15) [1P:op-auto-lock/src/linux.rs:382] X screensaver event detected
INFO  2021-09-05T13:54:05.208 ThreadId(15) [1P:op-auto-lock/src/linux.rs:382] X screensaver event detected
INFO  2021-09-05T13:54:15.219 ThreadId(15) [1P:op-auto-lock/src/linux.rs:382] X screensaver event detected
INFO  2021-09-05T13:54:25.229 ThreadId(15) [1P:op-auto-lock/src/linux.rs:382] X screensaver event detected
INFO  2021-09-05T13:54:35.238 ThreadId(15) [1P:op-auto-lock/src/linux.rs:382] X screensaver event detected
INFO  2021-09-05T14:04:35.424 ThreadId(15) [1P:op-auto-lock/src/linux.rs:382] X screensaver event detected
INFO  2021-09-05T14:26:03.347 ThreadId(15) [1P:op-auto-lock/src/linux.rs:382] X screensaver event detected
ERROR 2021-09-05T15:00:35.648 ThreadId(15) [1P:op-auto-lock/src/linux.rs:400] A Connection Error ocurred: XcbConnectionError
ERROR 2021-09-05T15:00:35.683 ThreadId(15) [1P:op-auto-lock/src/linux.rs:400] A Connection Error ocurred: XcbConnectionError
ERROR 2021-09-05T15:00:35.699 ThreadId(15) [1P:op-auto-lock/src/linux.rs:400] A Connection Error ocurred: XcbConnectionError
INFO  2021-09-05T15:00:35.788 op_executor:invocation_loop(ThreadId(10)) [1P:op-app/src/app/backend/frontend.rs:58] Front end event: app will quit
